<?xml version="1.0" encoding="UTF-8"?>
<!-- Generated by org.testng.reporters.JUnitReportReporter -->
<testsuite hostname="lin81002596" failures="0" tests="1" name="TestCases.Rest_App_Test" time="14.474" errors="0" timestamp="2024-01-19T12:35:58 IST" skipped="0">
  <testcase classname="TestCases.Rest_App_Test" name="Rest_Method" time="14.474"/>
  <system-out/>
</testsuite> <!-- TestCases.Rest_App_Test -->
