<?xml version="1.0" encoding="UTF-8"?>
<!-- Generated by org.testng.reporters.JUnitReportReporter -->
<testsuite hostname="lin81002596" failures="0" tests="1" name="TestCases.Continueshopping_Validate_Test" time="2.118" errors="0" timestamp="2023-12-24T13:50:46 IST" skipped="0">
  <testcase classname="TestCases.Continueshopping_Validate_Test" name="Continueshopping_Method" time="2.118"/>
  <system-out/>
</testsuite> <!-- TestCases.Continueshopping_Validate_Test -->
