<?xml version="1.0" encoding="UTF-8"?>
<!-- Generated by org.testng.reporters.JUnitReportReporter -->
<testsuite hostname="lin81002596" failures="0" tests="1" name="TestCases.Multipleproduct_Add_remove_Test" time="2.871" errors="0" timestamp="2023-12-24T15:59:09 IST" skipped="0">
  <testcase classname="TestCases.Multipleproduct_Add_remove_Test" name="Multipleproduct_Method" time="2.871"/>
  <system-out/>
</testsuite> <!-- TestCases.Multipleproduct_Add_remove_Test -->
