<?xml version="1.0" encoding="UTF-8"?>
<!-- Generated by org.testng.reporters.JUnitReportReporter -->
<testsuite hostname="lin81002596" failures="0" tests="1" name="TestCases.User_order_product_Test" time="9.098" errors="0" timestamp="2023-12-28T10:28:29 IST" skipped="0">
  <testcase classname="TestCases.User_order_product_Test" name="User_order_Method" time="9.098"/>
  <system-out/>
</testsuite> <!-- TestCases.User_order_product_Test -->
