<?xml version="1.0" encoding="UTF-8"?>
<!-- Generated by org.testng.reporters.JUnitReportReporter -->
<testsuite hostname="lin81002596" failures="0" tests="1" name="TestCases.Login_addtoCart_Test" time="2.213" errors="0" timestamp="2023-12-24T13:36:27 IST" skipped="0">
  <testcase classname="TestCases.Login_addtoCart_Test" name="Login_Method" time="2.213"/>
  <system-out/>
</testsuite> <!-- TestCases.Login_addtoCart_Test -->
